<?xml version="1.0" encoding="UTF-8"?>
<!-- Generated by org.testng.reporters.JUnitXMLReporter -->
<testsuite ignored="0" hostname="Dhiraj" failures="0" tests="3" name="FetchTitle,url,sc" time="10.098" errors="0" timestamp="2026-06-02T20:40:56 IST">
  <testcase classname="testNg.TestCase" name="fetchSc" time="0.315"/>
  <testcase classname="testNg.TestCase" name="fetchTitle" time="0.015"/>
  <testcase classname="testNg.TestCase" name="fetchUrl" time="0.017"/>
</testsuite> <!-- FetchTitle,url,sc -->
