<?xml version="1.0" encoding="UTF-8"?>
<!-- Generated by org.testng.reporters.JUnitXMLReporter -->
<testsuite ignored="2" hostname="Dhiraj" failures="0" tests="3" name="Groups" time="10.38" errors="0" timestamp="2026-06-03T19:57:51 IST">
  <testcase classname="grouping.Group" name="sanity" time="0.113"/>
  <testcase classname="grouping.Group" name="smoke" time="0.063"/>
  <testcase classname="grouping.Group" name="smoke1" time="0.314"/>
  <testcase classname="grouping.Group" name="dataDriven" time="0.0">
    <ignored/>
  </testcase> <!-- dataDriven -->
  <testcase classname="grouping.Group" name="regression" time="0.0">
    <ignored/>
  </testcase> <!-- regression -->
</testsuite> <!-- Groups -->
