<?xml version="1.0" encoding="UTF-8"?>
<testng-results ignored="0" total="1" passed="1" failed="0" skipped="0">
  <reporter-output>
  </reporter-output>
  <suite started-at="2026-06-05T20:08:58 IST" name="Default suite" finished-at="2026-06-05T20:09:02 IST" duration-ms="3108">
    <groups>
    </groups>
    <test started-at="2026-06-05T20:08:58 IST" name="Default test" finished-at="2026-06-05T20:09:02 IST" duration-ms="3108">
      <class name="pageObjectModel.RunnerClass">
        <test-method is-config="true" signature="setUp()[pri:0, instance:pageObjectModel.RunnerClass@1a677343]" started-at="2026-06-05T20:08:58 IST" name="setUp" finished-at="2026-06-05T20:09:01 IST" duration-ms="2504" status="PASS">
          <reporter-output>
          </reporter-output>
        </test-method> <!-- setUp -->
        <test-method signature="loginFacebook()[pri:0, instance:pageObjectModel.RunnerClass@1a677343]" started-at="2026-06-05T20:09:01 IST" name="loginFacebook" finished-at="2026-06-05T20:09:01 IST" duration-ms="354" status="PASS">
          <reporter-output>
          </reporter-output>
        </test-method> <!-- loginFacebook -->
        <test-method is-config="true" signature="tearDown()[pri:0, instance:pageObjectModel.RunnerClass@1a677343]" started-at="2026-06-05T20:09:01 IST" name="tearDown" finished-at="2026-06-05T20:09:02 IST" duration-ms="200" status="PASS">
          <reporter-output>
          </reporter-output>
        </test-method> <!-- tearDown -->
      </class> <!-- pageObjectModel.RunnerClass -->
    </test> <!-- Default test -->
  </suite> <!-- Default suite -->
</testng-results>
