<?xml version="1.0" encoding="UTF-8"?>
<testng-results ignored="0" total="3" passed="3" failed="0" skipped="0">
  <reporter-output>
  </reporter-output>
  <suite started-at="2026-06-01T21:05:47 IST" name="Default suite" finished-at="2026-06-01T21:05:47 IST" duration-ms="101">
    <groups>
    </groups>
    <test started-at="2026-06-01T21:05:47 IST" name="Default test" finished-at="2026-06-01T21:05:47 IST" duration-ms="101">
      <class name="testNg.DemoTestNg">
        <test-method signature="smoke()[pri:0, instance:testNg.DemoTestNg@3eb25e1a]" started-at="2026-06-01T21:05:47 IST" name="smoke" finished-at="2026-06-01T21:05:47 IST" duration-ms="19" status="PASS">
          <reporter-output>
          </reporter-output>
        </test-method> <!-- smoke -->
        <test-method signature="sanity()[pri:1, instance:testNg.DemoTestNg@3eb25e1a]" started-at="2026-06-01T21:05:47 IST" name="sanity" finished-at="2026-06-01T21:05:47 IST" duration-ms="2" status="PASS">
          <reporter-output>
          </reporter-output>
        </test-method> <!-- sanity -->
        <test-method signature="ddt()[pri:2, instance:testNg.DemoTestNg@3eb25e1a]" started-at="2026-06-01T21:05:47 IST" name="ddt" finished-at="2026-06-01T21:05:47 IST" duration-ms="1" status="PASS">
          <reporter-output>
          </reporter-output>
        </test-method> <!-- ddt -->
      </class> <!-- testNg.DemoTestNg -->
    </test> <!-- Default test -->
  </suite> <!-- Default suite -->
</testng-results>
