<?xml version="1.0" encoding="UTF-8"?>
<!-- Generated by org.testng.reporters.JUnitReportReporter -->
<testsuite hostname="Dhiraj" failures="0" tests="6" name="dataProvider.DataProviderUtilityData" time="0.017" errors="0" timestamp="2026-06-04T19:49:03 IST" skipped="0">
  <testcase classname="dataProvider.DataProviderUtilityData" name="loginData" time="0.001"/>
  <testcase classname="dataProvider.DataProviderUtilityData" name="loginData" time="0.003"/>
  <testcase classname="dataProvider.DataProviderUtilityData" name="loginData" time="0.007"/>
  <testcase classname="dataProvider.DataProviderUtilityData" name="loginData" time="0.002"/>
  <testcase classname="dataProvider.DataProviderUtilityData" name="loginData" time="0.002"/>
  <testcase classname="dataProvider.DataProviderUtilityData" name="loginData" time="0.002"/>
</testsuite> <!-- dataProvider.DataProviderUtilityData -->
