<?xml version="1.0" encoding="UTF-8"?>
<!-- Generated by org.testng.reporters.JUnitReportReporter -->
<testsuite hostname="Dhiraj" failures="0" tests="4" name="dataProvider.DataPro" time="15.394" errors="0" timestamp="2026-06-03T20:54:13 IST" skipped="0">
  <testcase classname="dataProvider.DataPro" name="registerAcc" time="4.278"/>
  <testcase classname="dataProvider.DataPro" name="registerAcc" time="3.622"/>
  <testcase classname="dataProvider.DataPro" name="registerAcc" time="3.712"/>
  <testcase classname="dataProvider.DataPro" name="registerAcc" time="3.782"/>
</testsuite> <!-- dataProvider.DataPro -->
