<?xml version="1.0" encoding="UTF-8"?>
<!-- Generated by org.testng.reporters.JUnitReportReporter -->
<testsuite hostname="Dhiraj" failures="0" tests="3" name="testNg.TestCase" time="10.731" errors="0" timestamp="2026-06-02T20:43:26 IST" skipped="0">
  <testcase classname="testNg.TestCase" name="fetchSc" time="3.580"/>
  <testcase classname="testNg.TestCase" name="fetchTitle" time="3.030"/>
  <testcase classname="testNg.TestCase" name="fetchUrl" time="4.121"/>
</testsuite> <!-- testNg.TestCase -->
