<?xml version="1.0" encoding="UTF-8"?>
<!-- Generated by org.testng.reporters.JUnitReportReporter -->
<testsuite hostname="Dhiraj" failures="0" tests="3" name="testNg.DemoTestNg" time="0.022" errors="0" timestamp="2026-06-01T21:05:47 IST" skipped="0">
  <testcase classname="testNg.DemoTestNg" name="smoke" time="0.019"/>
  <testcase classname="testNg.DemoTestNg" name="sanity" time="0.002"/>
  <testcase classname="testNg.DemoTestNg" name="ddt" time="0.001"/>
</testsuite> <!-- testNg.DemoTestNg -->
