<?xml version="1.0" encoding="UTF-8"?>
<!-- Generated by org.testng.reporters.JUnitReportReporter -->
<testsuite hostname="Dhiraj" failures="0" tests="2" name="properties.GenericReadData" time="0.018" errors="0" timestamp="2026-06-04T20:51:16 IST" skipped="1">
  <testcase classname="properties.GenericReadData" name="writeData" time="0.018"/>
  <testcase classname="properties.GenericReadData" name="readData">
    <skipped/>
  </testcase> <!-- readData -->
</testsuite> <!-- properties.GenericReadData -->
